<?xml version="1.0" encoding="UTF-8"?>
<!-- Generated by org.testng.reporters.JUnitXMLReporter -->
<testsuite ignored="4" hostname="SVLR0DCMJG" failures="4" tests="4" name="Default test" time="5.472" errors="0" timestamp="11 Oct 2021 00:10:37 GMT">
  <testcase classname="SeleniumAssignment.ExercisesTests" name="testExercise10" time="1.704">
    <failure type="org.openqa.selenium.SessionNotCreatedException" message="session not created: This version of ChromeDriver only supports Chrome version 92
Current browser version is 94.0.4606.71 with binary path C:\Program Files\Google\Chrome\Application\chrome.exe
Build info: version: &amp;apos;3.141.59&amp;apos;, revision: &amp;apos;e82be7d358&amp;apos;, time: &amp;apos;2018-11-14T08:17:03&amp;apos;
System info: host: &amp;apos;SVLR0DCMJG&amp;apos;, ip: &amp;apos;172.21.16.1&amp;apos;, os.name: &amp;apos;Windows 10&amp;apos;, os.arch: &amp;apos;amd64&amp;apos;, os.version: &amp;apos;10.0&amp;apos;, java.version: &amp;apos;11.0.8&amp;apos;
Driver info: driver.version: ChromeDriver
remote stacktrace: Backtrace:
	Ordinal0 [0x00DB2A33+2501171]
	Ordinal0 [0x00D4D1C1+2085313]
	Ordinal0 [0x00C51FA8+1056680]
	Ordinal0 [0x00C7020A+1180170]
	Ordinal0 [0x00C6C125+1163557]
	Ordinal0 [0x00C6997F+1153407]
	Ordinal0 [0x00C9999F+1350047]
	Ordinal0 [0x00C9960A+1349130]
	Ordinal0 [0x00C9551B+1332507]
	Ordinal0 [0x00C71D74+1187188]
	Ordinal0 [0x00C72BD9+1190873]
	GetHandleVerifier [0x00F2EFE6+1504438]
	GetHandleVerifier [0x00FDDDA5+2220661]
	GetHandleVerifier [0x00E35589+481881]
	GetHandleVerifier [0x00E34639+477961]
	Ordinal0 [0x00D528BD+2107581]
	Ordinal0 [0x00D56728+2123560]
	Ordinal0 [0x00D56862+2123874]
	Ordinal0 [0x00D5FA81+2161281]
	BaseThreadInitThunk [0x76CFFA29+25]
	RtlGetAppContainerNamedObjectPath [0x76F97A9E+286]
	RtlGetAppContainerNamedObjectPath [0x76F97A6E+238]
">
      <![CDATA[org.openqa.selenium.SessionNotCreatedException: session not created: This version of ChromeDriver only supports Chrome version 92
Current browser version is 94.0.4606.71 with binary path C:\Program Files\Google\Chrome\Application\chrome.exe
Build info: version: '3.141.59', revision: 'e82be7d358', time: '2018-11-14T08:17:03'
System info: host: 'SVLR0DCMJG', ip: '172.21.16.1', os.name: 'Windows 10', os.arch: 'amd64', os.version: '10.0', java.version: '11.0.8'
Driver info: driver.version: ChromeDriver
remote stacktrace: Backtrace:
	Ordinal0 [0x00DB2A33+2501171]
	Ordinal0 [0x00D4D1C1+2085313]
	Ordinal0 [0x00C51FA8+1056680]
	Ordinal0 [0x00C7020A+1180170]
	Ordinal0 [0x00C6C125+1163557]
	Ordinal0 [0x00C6997F+1153407]
	Ordinal0 [0x00C9999F+1350047]
	Ordinal0 [0x00C9960A+1349130]
	Ordinal0 [0x00C9551B+1332507]
	Ordinal0 [0x00C71D74+1187188]
	Ordinal0 [0x00C72BD9+1190873]
	GetHandleVerifier [0x00F2EFE6+1504438]
	GetHandleVerifier [0x00FDDDA5+2220661]
	GetHandleVerifier [0x00E35589+481881]
	GetHandleVerifier [0x00E34639+477961]
	Ordinal0 [0x00D528BD+2107581]
	Ordinal0 [0x00D56728+2123560]
	Ordinal0 [0x00D56862+2123874]
	Ordinal0 [0x00D5FA81+2161281]
	BaseThreadInitThunk [0x76CFFA29+25]
	RtlGetAppContainerNamedObjectPath [0x76F97A9E+286]
	RtlGetAppContainerNamedObjectPath [0x76F97A6E+238]

	at java.base/jdk.internal.reflect.NativeConstructorAccessorImpl.newInstance0(Native Method)
	at java.base/jdk.internal.reflect.NativeConstructorAccessorImpl.newInstance(NativeConstructorAccessorImpl.java:62)
	at java.base/jdk.internal.reflect.DelegatingConstructorAccessorImpl.newInstance(DelegatingConstructorAccessorImpl.java:45)
	at java.base/java.lang.reflect.Constructor.newInstance(Constructor.java:490)
	at org.openqa.selenium.remote.W3CHandshakeResponse.lambda$errorHandler$0(W3CHandshakeResponse.java:62)
	at org.openqa.selenium.remote.HandshakeResponse.lambda$getResponseFunction$0(HandshakeResponse.java:30)
	at org.openqa.selenium.remote.ProtocolHandshake.lambda$createSession$0(ProtocolHandshake.java:126)
	at java.base/java.util.stream.ReferencePipeline$3$1.accept(ReferencePipeline.java:195)
	at java.base/java.util.Spliterators$ArraySpliterator.tryAdvance(Spliterators.java:958)
	at java.base/java.util.stream.ReferencePipeline.forEachWithCancel(ReferencePipeline.java:127)
	at java.base/java.util.stream.AbstractPipeline.copyIntoWithCancel(AbstractPipeline.java:502)
	at java.base/java.util.stream.AbstractPipeline.copyInto(AbstractPipeline.java:488)
	at java.base/java.util.stream.AbstractPipeline.wrapAndCopyInto(AbstractPipeline.java:474)
	at java.base/java.util.stream.FindOps$FindOp.evaluateSequential(FindOps.java:150)
	at java.base/java.util.stream.AbstractPipeline.evaluate(AbstractPipeline.java:234)
	at java.base/java.util.stream.ReferencePipeline.findFirst(ReferencePipeline.java:543)
	at org.openqa.selenium.remote.ProtocolHandshake.createSession(ProtocolHandshake.java:128)
	at org.openqa.selenium.remote.ProtocolHandshake.createSession(ProtocolHandshake.java:74)
	at org.openqa.selenium.remote.HttpCommandExecutor.execute(HttpCommandExecutor.java:136)
	at org.openqa.selenium.remote.service.DriverCommandExecutor.execute(DriverCommandExecutor.java:83)
	at org.openqa.selenium.remote.RemoteWebDriver.execute(RemoteWebDriver.java:552)
	at org.openqa.selenium.remote.RemoteWebDriver.startSession(RemoteWebDriver.java:213)
	at org.openqa.selenium.remote.RemoteWebDriver.<init>(RemoteWebDriver.java:131)
	at org.openqa.selenium.chrome.ChromeDriver.<init>(ChromeDriver.java:181)
	at org.openqa.selenium.chrome.ChromeDriver.<init>(ChromeDriver.java:168)
	at org.openqa.selenium.chrome.ChromeDriver.<init>(ChromeDriver.java:123)
	at SeleniumAssignment.ExercisesTests.testExercise10(ExercisesTests.java:136)
	at java.base/jdk.internal.reflect.NativeMethodAccessorImpl.invoke0(Native Method)
	at java.base/jdk.internal.reflect.NativeMethodAccessorImpl.invoke(NativeMethodAccessorImpl.java:62)
	at java.base/jdk.internal.reflect.DelegatingMethodAccessorImpl.invoke(DelegatingMethodAccessorImpl.java:43)
	at java.base/java.lang.reflect.Method.invoke(Method.java:566)
	at org.testng.internal.MethodInvocationHelper.invokeMethod(MethodInvocationHelper.java:108)
	at org.testng.internal.Invoker.invokeMethod(Invoker.java:669)
	at org.testng.internal.Invoker.invokeTestMethod(Invoker.java:877)
	at org.testng.internal.Invoker.invokeTestMethods(Invoker.java:1201)
	at org.testng.internal.TestMethodWorker.invokeTestMethods(TestMethodWorker.java:125)
	at org.testng.internal.TestMethodWorker.run(TestMethodWorker.java:109)
	at org.testng.TestRunner.privateRun(TestRunner.java:776)
	at org.testng.TestRunner.run(TestRunner.java:634)
	at org.testng.SuiteRunner.runTest(SuiteRunner.java:425)
	at org.testng.SuiteRunner.runSequentially(SuiteRunner.java:420)
	at org.testng.SuiteRunner.privateRun(SuiteRunner.java:385)
	at org.testng.SuiteRunner.run(SuiteRunner.java:334)
	at org.testng.SuiteRunnerWorker.runSuite(SuiteRunnerWorker.java:52)
	at org.testng.SuiteRunnerWorker.run(SuiteRunnerWorker.java:86)
	at org.testng.TestNG.runSuitesSequentially(TestNG.java:1318)
	at org.testng.TestNG.runSuitesLocally(TestNG.java:1243)
	at org.testng.TestNG.runSuites(TestNG.java:1161)
	at org.testng.TestNG.run(TestNG.java:1129)
	at org.testng.remote.AbstractRemoteTestNG.run(AbstractRemoteTestNG.java:114)
	at org.testng.remote.RemoteTestNG.initAndRun(RemoteTestNG.java:251)
	at org.testng.remote.RemoteTestNG.main(RemoteTestNG.java:77)
]]>
    </failure>
  </testcase> <!-- testExercise10 -->
  <testcase classname="SeleniumAssignment.ExercisesTests" name="testExercise13" time="1.243">
    <failure type="org.openqa.selenium.SessionNotCreatedException" message="session not created: This version of ChromeDriver only supports Chrome version 92
Current browser version is 94.0.4606.71 with binary path C:\Program Files\Google\Chrome\Application\chrome.exe
Build info: version: &amp;apos;3.141.59&amp;apos;, revision: &amp;apos;e82be7d358&amp;apos;, time: &amp;apos;2018-11-14T08:17:03&amp;apos;
System info: host: &amp;apos;SVLR0DCMJG&amp;apos;, ip: &amp;apos;172.21.16.1&amp;apos;, os.name: &amp;apos;Windows 10&amp;apos;, os.arch: &amp;apos;amd64&amp;apos;, os.version: &amp;apos;10.0&amp;apos;, java.version: &amp;apos;11.0.8&amp;apos;
Driver info: driver.version: ChromeDriver
remote stacktrace: Backtrace:
	Ordinal0 [0x00DB2A33+2501171]
	Ordinal0 [0x00D4D1C1+2085313]
	Ordinal0 [0x00C51FA8+1056680]
	Ordinal0 [0x00C7020A+1180170]
	Ordinal0 [0x00C6C125+1163557]
	Ordinal0 [0x00C6997F+1153407]
	Ordinal0 [0x00C9999F+1350047]
	Ordinal0 [0x00C9960A+1349130]
	Ordinal0 [0x00C9551B+1332507]
	Ordinal0 [0x00C71D74+1187188]
	Ordinal0 [0x00C72BD9+1190873]
	GetHandleVerifier [0x00F2EFE6+1504438]
	GetHandleVerifier [0x00FDDDA5+2220661]
	GetHandleVerifier [0x00E35589+481881]
	GetHandleVerifier [0x00E34639+477961]
	Ordinal0 [0x00D528BD+2107581]
	Ordinal0 [0x00D56728+2123560]
	Ordinal0 [0x00D56862+2123874]
	Ordinal0 [0x00D5FA81+2161281]
	BaseThreadInitThunk [0x76CFFA29+25]
	RtlGetAppContainerNamedObjectPath [0x76F97A9E+286]
	RtlGetAppContainerNamedObjectPath [0x76F97A6E+238]
">
      <![CDATA[org.openqa.selenium.SessionNotCreatedException: session not created: This version of ChromeDriver only supports Chrome version 92
Current browser version is 94.0.4606.71 with binary path C:\Program Files\Google\Chrome\Application\chrome.exe
Build info: version: '3.141.59', revision: 'e82be7d358', time: '2018-11-14T08:17:03'
System info: host: 'SVLR0DCMJG', ip: '172.21.16.1', os.name: 'Windows 10', os.arch: 'amd64', os.version: '10.0', java.version: '11.0.8'
Driver info: driver.version: ChromeDriver
remote stacktrace: Backtrace:
	Ordinal0 [0x00DB2A33+2501171]
	Ordinal0 [0x00D4D1C1+2085313]
	Ordinal0 [0x00C51FA8+1056680]
	Ordinal0 [0x00C7020A+1180170]
	Ordinal0 [0x00C6C125+1163557]
	Ordinal0 [0x00C6997F+1153407]
	Ordinal0 [0x00C9999F+1350047]
	Ordinal0 [0x00C9960A+1349130]
	Ordinal0 [0x00C9551B+1332507]
	Ordinal0 [0x00C71D74+1187188]
	Ordinal0 [0x00C72BD9+1190873]
	GetHandleVerifier [0x00F2EFE6+1504438]
	GetHandleVerifier [0x00FDDDA5+2220661]
	GetHandleVerifier [0x00E35589+481881]
	GetHandleVerifier [0x00E34639+477961]
	Ordinal0 [0x00D528BD+2107581]
	Ordinal0 [0x00D56728+2123560]
	Ordinal0 [0x00D56862+2123874]
	Ordinal0 [0x00D5FA81+2161281]
	BaseThreadInitThunk [0x76CFFA29+25]
	RtlGetAppContainerNamedObjectPath [0x76F97A9E+286]
	RtlGetAppContainerNamedObjectPath [0x76F97A6E+238]

	at java.base/jdk.internal.reflect.NativeConstructorAccessorImpl.newInstance0(Native Method)
	at java.base/jdk.internal.reflect.NativeConstructorAccessorImpl.newInstance(NativeConstructorAccessorImpl.java:62)
	at java.base/jdk.internal.reflect.DelegatingConstructorAccessorImpl.newInstance(DelegatingConstructorAccessorImpl.java:45)
	at java.base/java.lang.reflect.Constructor.newInstance(Constructor.java:490)
	at org.openqa.selenium.remote.W3CHandshakeResponse.lambda$errorHandler$0(W3CHandshakeResponse.java:62)
	at org.openqa.selenium.remote.HandshakeResponse.lambda$getResponseFunction$0(HandshakeResponse.java:30)
	at org.openqa.selenium.remote.ProtocolHandshake.lambda$createSession$0(ProtocolHandshake.java:126)
	at java.base/java.util.stream.ReferencePipeline$3$1.accept(ReferencePipeline.java:195)
	at java.base/java.util.Spliterators$ArraySpliterator.tryAdvance(Spliterators.java:958)
	at java.base/java.util.stream.ReferencePipeline.forEachWithCancel(ReferencePipeline.java:127)
	at java.base/java.util.stream.AbstractPipeline.copyIntoWithCancel(AbstractPipeline.java:502)
	at java.base/java.util.stream.AbstractPipeline.copyInto(AbstractPipeline.java:488)
	at java.base/java.util.stream.AbstractPipeline.wrapAndCopyInto(AbstractPipeline.java:474)
	at java.base/java.util.stream.FindOps$FindOp.evaluateSequential(FindOps.java:150)
	at java.base/java.util.stream.AbstractPipeline.evaluate(AbstractPipeline.java:234)
	at java.base/java.util.stream.ReferencePipeline.findFirst(ReferencePipeline.java:543)
	at org.openqa.selenium.remote.ProtocolHandshake.createSession(ProtocolHandshake.java:128)
	at org.openqa.selenium.remote.ProtocolHandshake.createSession(ProtocolHandshake.java:74)
	at org.openqa.selenium.remote.HttpCommandExecutor.execute(HttpCommandExecutor.java:136)
	at org.openqa.selenium.remote.service.DriverCommandExecutor.execute(DriverCommandExecutor.java:83)
	at org.openqa.selenium.remote.RemoteWebDriver.execute(RemoteWebDriver.java:552)
	at org.openqa.selenium.remote.RemoteWebDriver.startSession(RemoteWebDriver.java:213)
	at org.openqa.selenium.remote.RemoteWebDriver.<init>(RemoteWebDriver.java:131)
	at org.openqa.selenium.chrome.ChromeDriver.<init>(ChromeDriver.java:181)
	at org.openqa.selenium.chrome.ChromeDriver.<init>(ChromeDriver.java:168)
	at org.openqa.selenium.chrome.ChromeDriver.<init>(ChromeDriver.java:123)
	at SeleniumAssignment.ExercisesTests.testExercise13(ExercisesTests.java:163)
	at java.base/jdk.internal.reflect.NativeMethodAccessorImpl.invoke0(Native Method)
	at java.base/jdk.internal.reflect.NativeMethodAccessorImpl.invoke(NativeMethodAccessorImpl.java:62)
	at java.base/jdk.internal.reflect.DelegatingMethodAccessorImpl.invoke(DelegatingMethodAccessorImpl.java:43)
	at java.base/java.lang.reflect.Method.invoke(Method.java:566)
	at org.testng.internal.MethodInvocationHelper.invokeMethod(MethodInvocationHelper.java:108)
	at org.testng.internal.Invoker.invokeMethod(Invoker.java:669)
	at org.testng.internal.Invoker.invokeTestMethod(Invoker.java:877)
	at org.testng.internal.Invoker.invokeTestMethods(Invoker.java:1201)
	at org.testng.internal.TestMethodWorker.invokeTestMethods(TestMethodWorker.java:125)
	at org.testng.internal.TestMethodWorker.run(TestMethodWorker.java:109)
	at org.testng.TestRunner.privateRun(TestRunner.java:776)
	at org.testng.TestRunner.run(TestRunner.java:634)
	at org.testng.SuiteRunner.runTest(SuiteRunner.java:425)
	at org.testng.SuiteRunner.runSequentially(SuiteRunner.java:420)
	at org.testng.SuiteRunner.privateRun(SuiteRunner.java:385)
	at org.testng.SuiteRunner.run(SuiteRunner.java:334)
	at org.testng.SuiteRunnerWorker.runSuite(SuiteRunnerWorker.java:52)
	at org.testng.SuiteRunnerWorker.run(SuiteRunnerWorker.java:86)
	at org.testng.TestNG.runSuitesSequentially(TestNG.java:1318)
	at org.testng.TestNG.runSuitesLocally(TestNG.java:1243)
	at org.testng.TestNG.runSuites(TestNG.java:1161)
	at org.testng.TestNG.run(TestNG.java:1129)
	at org.testng.remote.AbstractRemoteTestNG.run(AbstractRemoteTestNG.java:114)
	at org.testng.remote.RemoteTestNG.initAndRun(RemoteTestNG.java:251)
	at org.testng.remote.RemoteTestNG.main(RemoteTestNG.java:77)
]]>
    </failure>
  </testcase> <!-- testExercise13 -->
  <testcase classname="SeleniumAssignment.ExercisesTests" name="testExercise14" time="1.268">
    <failure type="org.openqa.selenium.SessionNotCreatedException" message="session not created: This version of ChromeDriver only supports Chrome version 92
Current browser version is 94.0.4606.71 with binary path C:\Program Files\Google\Chrome\Application\chrome.exe
Build info: version: &amp;apos;3.141.59&amp;apos;, revision: &amp;apos;e82be7d358&amp;apos;, time: &amp;apos;2018-11-14T08:17:03&amp;apos;
System info: host: &amp;apos;SVLR0DCMJG&amp;apos;, ip: &amp;apos;172.21.16.1&amp;apos;, os.name: &amp;apos;Windows 10&amp;apos;, os.arch: &amp;apos;amd64&amp;apos;, os.version: &amp;apos;10.0&amp;apos;, java.version: &amp;apos;11.0.8&amp;apos;
Driver info: driver.version: ChromeDriver
remote stacktrace: Backtrace:
	Ordinal0 [0x00DB2A33+2501171]
	Ordinal0 [0x00D4D1C1+2085313]
	Ordinal0 [0x00C51FA8+1056680]
	Ordinal0 [0x00C7020A+1180170]
	Ordinal0 [0x00C6C125+1163557]
	Ordinal0 [0x00C6997F+1153407]
	Ordinal0 [0x00C9999F+1350047]
	Ordinal0 [0x00C9960A+1349130]
	Ordinal0 [0x00C9551B+1332507]
	Ordinal0 [0x00C71D74+1187188]
	Ordinal0 [0x00C72BD9+1190873]
	GetHandleVerifier [0x00F2EFE6+1504438]
	GetHandleVerifier [0x00FDDDA5+2220661]
	GetHandleVerifier [0x00E35589+481881]
	GetHandleVerifier [0x00E34639+477961]
	Ordinal0 [0x00D528BD+2107581]
	Ordinal0 [0x00D56728+2123560]
	Ordinal0 [0x00D56862+2123874]
	Ordinal0 [0x00D5FA81+2161281]
	BaseThreadInitThunk [0x76CFFA29+25]
	RtlGetAppContainerNamedObjectPath [0x76F97A9E+286]
	RtlGetAppContainerNamedObjectPath [0x76F97A6E+238]
">
      <![CDATA[org.openqa.selenium.SessionNotCreatedException: session not created: This version of ChromeDriver only supports Chrome version 92
Current browser version is 94.0.4606.71 with binary path C:\Program Files\Google\Chrome\Application\chrome.exe
Build info: version: '3.141.59', revision: 'e82be7d358', time: '2018-11-14T08:17:03'
System info: host: 'SVLR0DCMJG', ip: '172.21.16.1', os.name: 'Windows 10', os.arch: 'amd64', os.version: '10.0', java.version: '11.0.8'
Driver info: driver.version: ChromeDriver
remote stacktrace: Backtrace:
	Ordinal0 [0x00DB2A33+2501171]
	Ordinal0 [0x00D4D1C1+2085313]
	Ordinal0 [0x00C51FA8+1056680]
	Ordinal0 [0x00C7020A+1180170]
	Ordinal0 [0x00C6C125+1163557]
	Ordinal0 [0x00C6997F+1153407]
	Ordinal0 [0x00C9999F+1350047]
	Ordinal0 [0x00C9960A+1349130]
	Ordinal0 [0x00C9551B+1332507]
	Ordinal0 [0x00C71D74+1187188]
	Ordinal0 [0x00C72BD9+1190873]
	GetHandleVerifier [0x00F2EFE6+1504438]
	GetHandleVerifier [0x00FDDDA5+2220661]
	GetHandleVerifier [0x00E35589+481881]
	GetHandleVerifier [0x00E34639+477961]
	Ordinal0 [0x00D528BD+2107581]
	Ordinal0 [0x00D56728+2123560]
	Ordinal0 [0x00D56862+2123874]
	Ordinal0 [0x00D5FA81+2161281]
	BaseThreadInitThunk [0x76CFFA29+25]
	RtlGetAppContainerNamedObjectPath [0x76F97A9E+286]
	RtlGetAppContainerNamedObjectPath [0x76F97A6E+238]

	at java.base/jdk.internal.reflect.NativeConstructorAccessorImpl.newInstance0(Native Method)
	at java.base/jdk.internal.reflect.NativeConstructorAccessorImpl.newInstance(NativeConstructorAccessorImpl.java:62)
	at java.base/jdk.internal.reflect.DelegatingConstructorAccessorImpl.newInstance(DelegatingConstructorAccessorImpl.java:45)
	at java.base/java.lang.reflect.Constructor.newInstance(Constructor.java:490)
	at org.openqa.selenium.remote.W3CHandshakeResponse.lambda$errorHandler$0(W3CHandshakeResponse.java:62)
	at org.openqa.selenium.remote.HandshakeResponse.lambda$getResponseFunction$0(HandshakeResponse.java:30)
	at org.openqa.selenium.remote.ProtocolHandshake.lambda$createSession$0(ProtocolHandshake.java:126)
	at java.base/java.util.stream.ReferencePipeline$3$1.accept(ReferencePipeline.java:195)
	at java.base/java.util.Spliterators$ArraySpliterator.tryAdvance(Spliterators.java:958)
	at java.base/java.util.stream.ReferencePipeline.forEachWithCancel(ReferencePipeline.java:127)
	at java.base/java.util.stream.AbstractPipeline.copyIntoWithCancel(AbstractPipeline.java:502)
	at java.base/java.util.stream.AbstractPipeline.copyInto(AbstractPipeline.java:488)
	at java.base/java.util.stream.AbstractPipeline.wrapAndCopyInto(AbstractPipeline.java:474)
	at java.base/java.util.stream.FindOps$FindOp.evaluateSequential(FindOps.java:150)
	at java.base/java.util.stream.AbstractPipeline.evaluate(AbstractPipeline.java:234)
	at java.base/java.util.stream.ReferencePipeline.findFirst(ReferencePipeline.java:543)
	at org.openqa.selenium.remote.ProtocolHandshake.createSession(ProtocolHandshake.java:128)
	at org.openqa.selenium.remote.ProtocolHandshake.createSession(ProtocolHandshake.java:74)
	at org.openqa.selenium.remote.HttpCommandExecutor.execute(HttpCommandExecutor.java:136)
	at org.openqa.selenium.remote.service.DriverCommandExecutor.execute(DriverCommandExecutor.java:83)
	at org.openqa.selenium.remote.RemoteWebDriver.execute(RemoteWebDriver.java:552)
	at org.openqa.selenium.remote.RemoteWebDriver.startSession(RemoteWebDriver.java:213)
	at org.openqa.selenium.remote.RemoteWebDriver.<init>(RemoteWebDriver.java:131)
	at org.openqa.selenium.chrome.ChromeDriver.<init>(ChromeDriver.java:181)
	at org.openqa.selenium.chrome.ChromeDriver.<init>(ChromeDriver.java:168)
	at org.openqa.selenium.chrome.ChromeDriver.<init>(ChromeDriver.java:123)
	at SeleniumAssignment.ExercisesTests.testExercise14(ExercisesTests.java:185)
	at java.base/jdk.internal.reflect.NativeMethodAccessorImpl.invoke0(Native Method)
	at java.base/jdk.internal.reflect.NativeMethodAccessorImpl.invoke(NativeMethodAccessorImpl.java:62)
	at java.base/jdk.internal.reflect.DelegatingMethodAccessorImpl.invoke(DelegatingMethodAccessorImpl.java:43)
	at java.base/java.lang.reflect.Method.invoke(Method.java:566)
	at org.testng.internal.MethodInvocationHelper.invokeMethod(MethodInvocationHelper.java:108)
	at org.testng.internal.Invoker.invokeMethod(Invoker.java:669)
	at org.testng.internal.Invoker.invokeTestMethod(Invoker.java:877)
	at org.testng.internal.Invoker.invokeTestMethods(Invoker.java:1201)
	at org.testng.internal.TestMethodWorker.invokeTestMethods(TestMethodWorker.java:125)
	at org.testng.internal.TestMethodWorker.run(TestMethodWorker.java:109)
	at org.testng.TestRunner.privateRun(TestRunner.java:776)
	at org.testng.TestRunner.run(TestRunner.java:634)
	at org.testng.SuiteRunner.runTest(SuiteRunner.java:425)
	at org.testng.SuiteRunner.runSequentially(SuiteRunner.java:420)
	at org.testng.SuiteRunner.privateRun(SuiteRunner.java:385)
	at org.testng.SuiteRunner.run(SuiteRunner.java:334)
	at org.testng.SuiteRunnerWorker.runSuite(SuiteRunnerWorker.java:52)
	at org.testng.SuiteRunnerWorker.run(SuiteRunnerWorker.java:86)
	at org.testng.TestNG.runSuitesSequentially(TestNG.java:1318)
	at org.testng.TestNG.runSuitesLocally(TestNG.java:1243)
	at org.testng.TestNG.runSuites(TestNG.java:1161)
	at org.testng.TestNG.run(TestNG.java:1129)
	at org.testng.remote.AbstractRemoteTestNG.run(AbstractRemoteTestNG.java:114)
	at org.testng.remote.RemoteTestNG.initAndRun(RemoteTestNG.java:251)
	at org.testng.remote.RemoteTestNG.main(RemoteTestNG.java:77)
]]>
    </failure>
  </testcase> <!-- testExercise14 -->
  <testcase classname="SeleniumAssignment.ExercisesTests" name="testExercise15" time="1.217">
    <failure type="org.openqa.selenium.SessionNotCreatedException" message="session not created: This version of ChromeDriver only supports Chrome version 92
Current browser version is 94.0.4606.71 with binary path C:\Program Files\Google\Chrome\Application\chrome.exe
Build info: version: &amp;apos;3.141.59&amp;apos;, revision: &amp;apos;e82be7d358&amp;apos;, time: &amp;apos;2018-11-14T08:17:03&amp;apos;
System info: host: &amp;apos;SVLR0DCMJG&amp;apos;, ip: &amp;apos;172.21.16.1&amp;apos;, os.name: &amp;apos;Windows 10&amp;apos;, os.arch: &amp;apos;amd64&amp;apos;, os.version: &amp;apos;10.0&amp;apos;, java.version: &amp;apos;11.0.8&amp;apos;
Driver info: driver.version: ChromeDriver
remote stacktrace: Backtrace:
	Ordinal0 [0x00DB2A33+2501171]
	Ordinal0 [0x00D4D1C1+2085313]
	Ordinal0 [0x00C51FA8+1056680]
	Ordinal0 [0x00C7020A+1180170]
	Ordinal0 [0x00C6C125+1163557]
	Ordinal0 [0x00C6997F+1153407]
	Ordinal0 [0x00C9999F+1350047]
	Ordinal0 [0x00C9960A+1349130]
	Ordinal0 [0x00C9551B+1332507]
	Ordinal0 [0x00C71D74+1187188]
	Ordinal0 [0x00C72BD9+1190873]
	GetHandleVerifier [0x00F2EFE6+1504438]
	GetHandleVerifier [0x00FDDDA5+2220661]
	GetHandleVerifier [0x00E35589+481881]
	GetHandleVerifier [0x00E34639+477961]
	Ordinal0 [0x00D528BD+2107581]
	Ordinal0 [0x00D56728+2123560]
	Ordinal0 [0x00D56862+2123874]
	Ordinal0 [0x00D5FA81+2161281]
	BaseThreadInitThunk [0x76CFFA29+25]
	RtlGetAppContainerNamedObjectPath [0x76F97A9E+286]
	RtlGetAppContainerNamedObjectPath [0x76F97A6E+238]
">
      <![CDATA[org.openqa.selenium.SessionNotCreatedException: session not created: This version of ChromeDriver only supports Chrome version 92
Current browser version is 94.0.4606.71 with binary path C:\Program Files\Google\Chrome\Application\chrome.exe
Build info: version: '3.141.59', revision: 'e82be7d358', time: '2018-11-14T08:17:03'
System info: host: 'SVLR0DCMJG', ip: '172.21.16.1', os.name: 'Windows 10', os.arch: 'amd64', os.version: '10.0', java.version: '11.0.8'
Driver info: driver.version: ChromeDriver
remote stacktrace: Backtrace:
	Ordinal0 [0x00DB2A33+2501171]
	Ordinal0 [0x00D4D1C1+2085313]
	Ordinal0 [0x00C51FA8+1056680]
	Ordinal0 [0x00C7020A+1180170]
	Ordinal0 [0x00C6C125+1163557]
	Ordinal0 [0x00C6997F+1153407]
	Ordinal0 [0x00C9999F+1350047]
	Ordinal0 [0x00C9960A+1349130]
	Ordinal0 [0x00C9551B+1332507]
	Ordinal0 [0x00C71D74+1187188]
	Ordinal0 [0x00C72BD9+1190873]
	GetHandleVerifier [0x00F2EFE6+1504438]
	GetHandleVerifier [0x00FDDDA5+2220661]
	GetHandleVerifier [0x00E35589+481881]
	GetHandleVerifier [0x00E34639+477961]
	Ordinal0 [0x00D528BD+2107581]
	Ordinal0 [0x00D56728+2123560]
	Ordinal0 [0x00D56862+2123874]
	Ordinal0 [0x00D5FA81+2161281]
	BaseThreadInitThunk [0x76CFFA29+25]
	RtlGetAppContainerNamedObjectPath [0x76F97A9E+286]
	RtlGetAppContainerNamedObjectPath [0x76F97A6E+238]

	at java.base/jdk.internal.reflect.NativeConstructorAccessorImpl.newInstance0(Native Method)
	at java.base/jdk.internal.reflect.NativeConstructorAccessorImpl.newInstance(NativeConstructorAccessorImpl.java:62)
	at java.base/jdk.internal.reflect.DelegatingConstructorAccessorImpl.newInstance(DelegatingConstructorAccessorImpl.java:45)
	at java.base/java.lang.reflect.Constructor.newInstance(Constructor.java:490)
	at org.openqa.selenium.remote.W3CHandshakeResponse.lambda$errorHandler$0(W3CHandshakeResponse.java:62)
	at org.openqa.selenium.remote.HandshakeResponse.lambda$getResponseFunction$0(HandshakeResponse.java:30)
	at org.openqa.selenium.remote.ProtocolHandshake.lambda$createSession$0(ProtocolHandshake.java:126)
	at java.base/java.util.stream.ReferencePipeline$3$1.accept(ReferencePipeline.java:195)
	at java.base/java.util.Spliterators$ArraySpliterator.tryAdvance(Spliterators.java:958)
	at java.base/java.util.stream.ReferencePipeline.forEachWithCancel(ReferencePipeline.java:127)
	at java.base/java.util.stream.AbstractPipeline.copyIntoWithCancel(AbstractPipeline.java:502)
	at java.base/java.util.stream.AbstractPipeline.copyInto(AbstractPipeline.java:488)
	at java.base/java.util.stream.AbstractPipeline.wrapAndCopyInto(AbstractPipeline.java:474)
	at java.base/java.util.stream.FindOps$FindOp.evaluateSequential(FindOps.java:150)
	at java.base/java.util.stream.AbstractPipeline.evaluate(AbstractPipeline.java:234)
	at java.base/java.util.stream.ReferencePipeline.findFirst(ReferencePipeline.java:543)
	at org.openqa.selenium.remote.ProtocolHandshake.createSession(ProtocolHandshake.java:128)
	at org.openqa.selenium.remote.ProtocolHandshake.createSession(ProtocolHandshake.java:74)
	at org.openqa.selenium.remote.HttpCommandExecutor.execute(HttpCommandExecutor.java:136)
	at org.openqa.selenium.remote.service.DriverCommandExecutor.execute(DriverCommandExecutor.java:83)
	at org.openqa.selenium.remote.RemoteWebDriver.execute(RemoteWebDriver.java:552)
	at org.openqa.selenium.remote.RemoteWebDriver.startSession(RemoteWebDriver.java:213)
	at org.openqa.selenium.remote.RemoteWebDriver.<init>(RemoteWebDriver.java:131)
	at org.openqa.selenium.chrome.ChromeDriver.<init>(ChromeDriver.java:181)
	at org.openqa.selenium.chrome.ChromeDriver.<init>(ChromeDriver.java:168)
	at org.openqa.selenium.chrome.ChromeDriver.<init>(ChromeDriver.java:123)
	at SeleniumAssignment.ExercisesTests.testExercise15(ExercisesTests.java:211)
	at java.base/jdk.internal.reflect.NativeMethodAccessorImpl.invoke0(Native Method)
	at java.base/jdk.internal.reflect.NativeMethodAccessorImpl.invoke(NativeMethodAccessorImpl.java:62)
	at java.base/jdk.internal.reflect.DelegatingMethodAccessorImpl.invoke(DelegatingMethodAccessorImpl.java:43)
	at java.base/java.lang.reflect.Method.invoke(Method.java:566)
	at org.testng.internal.MethodInvocationHelper.invokeMethod(MethodInvocationHelper.java:108)
	at org.testng.internal.Invoker.invokeMethod(Invoker.java:669)
	at org.testng.internal.Invoker.invokeTestMethod(Invoker.java:877)
	at org.testng.internal.Invoker.invokeTestMethods(Invoker.java:1201)
	at org.testng.internal.TestMethodWorker.invokeTestMethods(TestMethodWorker.java:125)
	at org.testng.internal.TestMethodWorker.run(TestMethodWorker.java:109)
	at org.testng.TestRunner.privateRun(TestRunner.java:776)
	at org.testng.TestRunner.run(TestRunner.java:634)
	at org.testng.SuiteRunner.runTest(SuiteRunner.java:425)
	at org.testng.SuiteRunner.runSequentially(SuiteRunner.java:420)
	at org.testng.SuiteRunner.privateRun(SuiteRunner.java:385)
	at org.testng.SuiteRunner.run(SuiteRunner.java:334)
	at org.testng.SuiteRunnerWorker.runSuite(SuiteRunnerWorker.java:52)
	at org.testng.SuiteRunnerWorker.run(SuiteRunnerWorker.java:86)
	at org.testng.TestNG.runSuitesSequentially(TestNG.java:1318)
	at org.testng.TestNG.runSuitesLocally(TestNG.java:1243)
	at org.testng.TestNG.runSuites(TestNG.java:1161)
	at org.testng.TestNG.run(TestNG.java:1129)
	at org.testng.remote.AbstractRemoteTestNG.run(AbstractRemoteTestNG.java:114)
	at org.testng.remote.RemoteTestNG.initAndRun(RemoteTestNG.java:251)
	at org.testng.remote.RemoteTestNG.main(RemoteTestNG.java:77)
]]>
    </failure>
  </testcase> <!-- testExercise15 -->
  <testcase classname="SeleniumAssignment.ExercisesTests" name="seleniumAssignments" time="0.0">
    <ignored/>
  </testcase> <!-- seleniumAssignments -->
  <testcase classname="SeleniumAssignment.ExercisesTests" name="testExercise8" time="0.0">
    <ignored/>
  </testcase> <!-- testExercise8 -->
  <testcase classname="SeleniumAssignment.ExercisesTests" name="testExercise9" time="0.0">
    <ignored/>
  </testcase> <!-- testExercise9 -->
  <testcase classname="SeleniumAssignment.ExercisesTests" name="testExercise7" time="0.0">
    <ignored/>
  </testcase> <!-- testExercise7 -->
</testsuite> <!-- Default test -->
